<?xml version="1.0" encoding="UTF-8"?>
<coverage generated="1744264542574" clover="3.2.0">
  <project timestamp="1744264542574" name="All files">
    <metrics statements="113" coveredstatements="74" conditionals="43" coveredconditionals="10" methods="43" coveredmethods="24" elements="199" coveredelements="108" complexity="0" loc="113" ncloc="113" packages="2" files="16" classes="16"/>
    <package name="src">
      <metrics statements="106" coveredstatements="70" conditionals="43" coveredconditionals="10" methods="40" coveredmethods="24"/>
      <file name="Body.js" path="/Users/ankitsingh/Desktop/react/src/Body.js">
        <metrics statements="29" coveredstatements="27" conditionals="6" coveredconditionals="5" methods="10" coveredmethods="9"/>
        <line num="9" count="2" type="stmt"/>
        <line num="10" count="7" type="stmt"/>
        <line num="11" count="7" type="stmt"/>
        <line num="12" count="7" type="stmt"/>
        <line num="13" count="7" type="stmt"/>
        <line num="14" count="7" type="stmt"/>
        <line num="15" count="7" type="stmt"/>
        <line num="16" count="2" type="stmt"/>
        <line num="19" count="2" type="stmt"/>
        <line num="20" count="2" type="stmt"/>
        <line num="22" count="2" type="stmt"/>
        <line num="25" count="2" type="stmt"/>
        <line num="29" count="7" type="stmt"/>
        <line num="30" count="2" type="stmt"/>
        <line num="32" count="7" type="stmt"/>
        <line num="33" count="7" type="cond" truecount="1" falsecount="1"/>
        <line num="34" count="0" type="stmt"/>
        <line num="36" count="7" type="cond" truecount="2" falsecount="0"/>
        <line num="37" count="2" type="stmt"/>
        <line num="39" count="5" type="stmt"/>
        <line num="50" count="1" type="stmt"/>
        <line num="57" count="1" type="stmt"/>
        <line num="58" count="102" type="stmt"/>
        <line num="62" count="1" type="stmt"/>
        <line num="71" count="1" type="stmt"/>
        <line num="72" count="102" type="stmt"/>
        <line num="74" count="1" type="stmt"/>
        <line num="84" count="0" type="stmt"/>
        <line num="92" count="358" type="stmt"/>
      </file>
      <file name="ItemList.js" path="/Users/ankitsingh/Desktop/react/src/ItemList.js">
        <metrics statements="10" coveredstatements="5" conditionals="10" coveredconditionals="1" methods="4" coveredmethods="1"/>
        <line num="3" count="2" type="stmt"/>
        <line num="4" count="1" type="cond" truecount="1" falsecount="1"/>
        <line num="5" count="0" type="stmt"/>
        <line num="6" count="0" type="stmt"/>
        <line num="12" count="1" type="stmt"/>
        <line num="13" count="1" type="stmt"/>
        <line num="14" count="0" type="stmt"/>
        <line num="16" count="1" type="stmt"/>
        <line num="19" count="0" type="stmt"/>
        <line num="34" count="0" type="stmt"/>
      </file>
      <file name="cart.js" path="/Users/ankitsingh/Desktop/react/src/cart.js">
        <metrics statements="6" coveredstatements="6" conditionals="2" coveredconditionals="2" methods="3" coveredmethods="2"/>
        <line num="6" count="1" type="stmt"/>
        <line num="7" count="2" type="stmt"/>
        <line num="8" count="1" type="stmt"/>
        <line num="9" count="1" type="stmt"/>
        <line num="10" count="1" type="stmt"/>
        <line num="11" count="1" type="stmt"/>
      </file>
      <file name="constant.js" path="/Users/ankitsingh/Desktop/react/src/constant.js">
        <metrics statements="1" coveredstatements="1" conditionals="0" coveredconditionals="0" methods="0" coveredmethods="0"/>
        <line num="2" count="1" type="stmt"/>
      </file>
      <file name="contact.js" path="/Users/ankitsingh/Desktop/react/src/contact.js">
        <metrics statements="2" coveredstatements="2" conditionals="0" coveredconditionals="0" methods="1" coveredmethods="1"/>
        <line num="1" count="1" type="stmt"/>
        <line num="2" count="2" type="stmt"/>
      </file>
      <file name="header.js" path="/Users/ankitsingh/Desktop/react/src/header.js">
        <metrics statements="10" coveredstatements="10" conditionals="4" coveredconditionals="2" methods="4" coveredmethods="4"/>
        <line num="6" count="1" type="stmt"/>
        <line num="7" count="3" type="stmt"/>
        <line num="8" count="3" type="stmt"/>
        <line num="9" count="3" type="stmt"/>
        <line num="10" count="3" type="stmt"/>
        <line num="11" count="5" type="stmt"/>
        <line num="12" count="3" type="stmt"/>
        <line num="14" count="3" type="stmt"/>
        <line num="44" count="1" type="stmt"/>
        <line num="45" count="1" type="cond" truecount="1" falsecount="1"/>
      </file>
      <file name="restaurant .js" path="/Users/ankitsingh/Desktop/react/src/restaurant .js">
        <metrics statements="15" coveredstatements="1" conditionals="13" coveredconditionals="0" methods="4" coveredmethods="0"/>
        <line num="9" count="1" type="stmt"/>
        <line num="11" count="0" type="stmt"/>
        <line num="12" count="0" type="stmt"/>
        <line num="13" count="0" type="stmt"/>
        <line num="14" count="0" type="stmt"/>
        <line num="29" count="0" type="stmt"/>
        <line num="30" count="0" type="cond" truecount="0" falsecount="2"/>
        <line num="32" count="0" type="cond" truecount="0" falsecount="2"/>
        <line num="37" count="0" type="cond" truecount="0" falsecount="2"/>
        <line num="39" count="0" type="cond" truecount="0" falsecount="1"/>
        <line num="40" count="0" type="stmt"/>
        <line num="41" count="0" type="stmt"/>
        <line num="43" count="0" type="stmt"/>
        <line num="50" count="0" type="stmt"/>
        <line num="55" count="0" type="cond" truecount="0" falsecount="2"/>
      </file>
      <file name="restaurantCategory.js" path="/Users/ankitsingh/Desktop/react/src/restaurantCategory.js">
        <metrics statements="5" coveredstatements="1" conditionals="8" coveredconditionals="0" methods="2" coveredmethods="0"/>
        <line num="3" count="1" type="stmt"/>
        <line num="5" count="0" type="stmt"/>
        <line num="6" count="0" type="stmt"/>
        <line num="7" count="0" type="stmt"/>
        <line num="9" count="0" type="stmt"/>
      </file>
      <file name="restaurentCard.js" path="/Users/ankitsingh/Desktop/react/src/restaurentCard.js">
        <metrics statements="6" coveredstatements="6" conditionals="0" coveredconditionals="0" methods="3" coveredmethods="3"/>
        <line num="1" count="3" type="stmt"/>
        <line num="2" count="359" type="stmt"/>
        <line num="5" count="359" type="stmt"/>
        <line num="43" count="3" type="stmt"/>
        <line num="44" count="8" type="stmt"/>
        <line num="45" count="10" type="stmt"/>
      </file>
      <file name="shimmer_cards.js" path="/Users/ankitsingh/Desktop/react/src/shimmer_cards.js">
        <metrics statements="2" coveredstatements="2" conditionals="0" coveredconditionals="0" methods="1" coveredmethods="1"/>
        <line num="1" count="2" type="stmt"/>
        <line num="2" count="2" type="stmt"/>
      </file>
      <file name="sum.js" path="/Users/ankitsingh/Desktop/react/src/sum.js">
        <metrics statements="2" coveredstatements="2" conditionals="0" coveredconditionals="0" methods="1" coveredmethods="1"/>
        <line num="1" count="1" type="stmt"/>
        <line num="2" count="1" type="stmt"/>
      </file>
      <file name="useRestaurant.js" path="/Users/ankitsingh/Desktop/react/src/useRestaurant.js">
        <metrics statements="10" coveredstatements="1" conditionals="0" coveredconditionals="0" methods="3" coveredmethods="0"/>
        <line num="3" count="1" type="stmt"/>
        <line num="4" count="0" type="stmt"/>
        <line num="5" count="0" type="stmt"/>
        <line num="7" count="0" type="stmt"/>
        <line num="8" count="0" type="stmt"/>
        <line num="9" count="0" type="stmt"/>
        <line num="12" count="0" type="stmt"/>
        <line num="13" count="0" type="stmt"/>
        <line num="14" count="0" type="stmt"/>
        <line num="16" count="0" type="stmt"/>
      </file>
      <file name="useonilneStatus.js" path="/Users/ankitsingh/Desktop/react/src/useonilneStatus.js">
        <metrics statements="8" coveredstatements="6" conditionals="0" coveredconditionals="0" methods="4" coveredmethods="2"/>
        <line num="3" count="3" type="stmt"/>
        <line num="4" count="10" type="stmt"/>
        <line num="5" count="10" type="stmt"/>
        <line num="6" count="10" type="stmt"/>
        <line num="7" count="0" type="stmt"/>
        <line num="9" count="10" type="stmt"/>
        <line num="10" count="0" type="stmt"/>
        <line num="13" count="10" type="stmt"/>
      </file>
    </package>
    <package name="utils">
      <metrics statements="7" coveredstatements="4" conditionals="0" coveredconditionals="0" methods="3" coveredmethods="0"/>
      <file name="UserContext.js" path="/Users/ankitsingh/Desktop/react/utils/UserContext.js">
        <metrics statements="1" coveredstatements="1" conditionals="0" coveredconditionals="0" methods="0" coveredmethods="0"/>
        <line num="2" count="3" type="stmt"/>
      </file>
      <file name="appStore.js" path="/Users/ankitsingh/Desktop/react/utils/appStore.js">
        <metrics statements="1" coveredstatements="1" conditionals="0" coveredconditionals="0" methods="0" coveredmethods="0"/>
        <line num="3" count="1" type="stmt"/>
      </file>
      <file name="cardSlice.js" path="/Users/ankitsingh/Desktop/react/utils/cardSlice.js">
        <metrics statements="5" coveredstatements="2" conditionals="0" coveredconditionals="0" methods="3" coveredmethods="0"/>
        <line num="3" count="2" type="stmt"/>
        <line num="10" count="0" type="stmt"/>
        <line num="13" count="0" type="stmt"/>
        <line num="16" count="0" type="stmt"/>
        <line num="20" count="2" type="stmt"/>
      </file>
    </package>
  </project>
</coverage>
