{"/Users/ankitsingh/Desktop/react/src/Body.js": {"path":"/Users/ankitsingh/Desktop/react/src/Body.js","statementMap":{"0":{"start":{"line":9,"column":13},"end":{"line":100,"column":1}},"1":{"start":{"line":10,"column":50},"end":{"line":10,"column":62}},"2":{"start":{"line":11,"column":38},"end":{"line":11,"column":50}},"3":{"start":{"line":12,"column":52},"end":{"line":12,"column":64}},"4":{"start":{"line":13,"column":33},"end":{"line":13,"column":66}},"5":{"start":{"line":14,"column":39},"end":{"line":14,"column":62}},"6":{"start":{"line":15,"column":20},"end":{"line":28,"column":3}},"7":{"start":{"line":16,"column":17},"end":{"line":18,"column":5}},"8":{"start":{"line":19,"column":17},"end":{"line":19,"column":34}},"9":{"start":{"line":20,"column":4},"end":{"line":20,"column":22}},"10":{"start":{"line":22,"column":4},"end":{"line":24,"column":6}},"11":{"start":{"line":25,"column":4},"end":{"line":27,"column":6}},"12":{"start":{"line":29,"column":2},"end":{"line":31,"column":9}},"13":{"start":{"line":30,"column":4},"end":{"line":30,"column":16}},"14":{"start":{"line":32,"column":23},"end":{"line":32,"column":40}},"15":{"start":{"line":33,"column":2},"end":{"line":35,"column":3}},"16":{"start":{"line":34,"column":4},"end":{"line":34,"column":74}},"17":{"start":{"line":36,"column":2},"end":{"line":38,"column":3}},"18":{"start":{"line":37,"column":4},"end":{"line":37,"column":23}},"19":{"start":{"line":39,"column":2},"end":{"line":99,"column":4}},"20":{"start":{"line":50,"column":14},"end":{"line":50,"column":44}},"21":{"start":{"line":56,"column":39},"end":{"line":60,"column":15}},"22":{"start":{"line":57,"column":16},"end":{"line":59,"column":53}},"23":{"start":{"line":61,"column":14},"end":{"line":61,"column":53}},"24":{"start":{"line":69,"column":35},"end":{"line":71,"column":15}},"25":{"start":{"line":70,"column":32},"end":{"line":70,"column":71}},"26":{"start":{"line":72,"column":14},"end":{"line":72,"column":49}},"27":{"start":{"line":80,"column":26},"end":{"line":80,"column":54}},"28":{"start":{"line":86,"column":10},"end":{"line":95,"column":17}}},"fnMap":{"0":{"name":"(anonymous_0)","decl":{"start":{"line":9,"column":13},"end":{"line":9,"column":14}},"loc":{"start":{"line":9,"column":19},"end":{"line":100,"column":1}},"line":9},"1":{"name":"(anonymous_1)","decl":{"start":{"line":15,"column":20},"end":{"line":15,"column":21}},"loc":{"start":{"line":15,"column":32},"end":{"line":28,"column":3}},"line":15},"2":{"name":"(anonymous_2)","decl":{"start":{"line":29,"column":12},"end":{"line":29,"column":13}},"loc":{"start":{"line":29,"column":18},"end":{"line":31,"column":3}},"line":29},"3":{"name":"(anonymous_3)","decl":{"start":{"line":49,"column":22},"end":{"line":49,"column":23}},"loc":{"start":{"line":49,"column":29},"end":{"line":51,"column":13}},"line":49},"4":{"name":"(anonymous_4)","decl":{"start":{"line":55,"column":21},"end":{"line":55,"column":22}},"loc":{"start":{"line":55,"column":27},"end":{"line":62,"column":13}},"line":55},"5":{"name":"(anonymous_5)","decl":{"start":{"line":56,"column":63},"end":{"line":56,"column":64}},"loc":{"start":{"line":57,"column":16},"end":{"line":59,"column":53}},"line":57},"6":{"name":"(anonymous_6)","decl":{"start":{"line":68,"column":21},"end":{"line":68,"column":22}},"loc":{"start":{"line":68,"column":27},"end":{"line":73,"column":13}},"line":68},"7":{"name":"(anonymous_7)","decl":{"start":{"line":70,"column":16},"end":{"line":70,"column":17}},"loc":{"start":{"line":70,"column":32},"end":{"line":70,"column":71}},"line":70},"8":{"name":"(anonymous_8)","decl":{"start":{"line":80,"column":20},"end":{"line":80,"column":21}},"loc":{"start":{"line":80,"column":25},"end":{"line":80,"column":55}},"line":80},"9":{"name":"(anonymous_9)","decl":{"start":{"line":85,"column":31},"end":{"line":85,"column":32}},"loc":{"start":{"line":86,"column":10},"end":{"line":95,"column":17}},"line":86}},"branchMap":{"0":{"loc":{"start":{"line":33,"column":2},"end":{"line":35,"column":3}},"type":"if","locations":[{"start":{"line":33,"column":2},"end":{"line":35,"column":3}},{"start":{},"end":{}}],"line":33},"1":{"loc":{"start":{"line":36,"column":2},"end":{"line":38,"column":3}},"type":"if","locations":[{"start":{"line":36,"column":2},"end":{"line":38,"column":3}},{"start":{},"end":{}}],"line":36},"2":{"loc":{"start":{"line":90,"column":13},"end":{"line":94,"column":13}},"type":"cond-expr","locations":[{"start":{"line":91,"column":14},"end":{"line":91,"column":71}},{"start":{"line":93,"column":14},"end":{"line":93,"column":63}}],"line":90}},"s":{"0":1,"1":4,"2":4,"3":4,"4":4,"5":4,"6":4,"7":1,"8":1,"9":1,"10":1,"11":1,"12":4,"13":1,"14":4,"15":4,"16":0,"17":4,"18":1,"19":3,"20":1,"21":1,"22":102,"23":1,"24":0,"25":0,"26":0,"27":0,"28":206},"f":{"0":4,"1":1,"2":1,"3":1,"4":1,"5":102,"6":0,"7":0,"8":0,"9":206},"b":{"0":[0,4],"1":[1,3],"2":[6,200]},"_coverageSchema":"1a1c01bbd47fc00a2c39e90264f33305004495a9","hash":"55d790b9fa593627c12be5150f95a21aa0bff3e0"}
,"/Users/ankitsingh/Desktop/react/src/cart.js": {"path":"/Users/ankitsingh/Desktop/react/src/cart.js","statementMap":{"0":{"start":{"line":6,"column":13},"end":{"line":26,"column":1}},"1":{"start":{"line":7,"column":20},"end":{"line":7,"column":60}},"2":{"start":{"line":7,"column":43},"end":{"line":7,"column":59}},"3":{"start":{"line":8,"column":2},"end":{"line":8,"column":25}},"4":{"start":{"line":9,"column":19},"end":{"line":9,"column":32}},"5":{"start":{"line":10,"column":26},"end":{"line":10,"column":53}},"6":{"start":{"line":10,"column":32},"end":{"line":10,"column":53}},"7":{"start":{"line":11,"column":2},"end":{"line":25,"column":4}}},"fnMap":{"0":{"name":"(anonymous_0)","decl":{"start":{"line":6,"column":13},"end":{"line":6,"column":14}},"loc":{"start":{"line":6,"column":19},"end":{"line":26,"column":1}},"line":6},"1":{"name":"(anonymous_1)","decl":{"start":{"line":7,"column":32},"end":{"line":7,"column":33}},"loc":{"start":{"line":7,"column":43},"end":{"line":7,"column":59}},"line":7},"2":{"name":"(anonymous_2)","decl":{"start":{"line":10,"column":26},"end":{"line":10,"column":27}},"loc":{"start":{"line":10,"column":32},"end":{"line":10,"column":53}},"line":10}},"branchMap":{"0":{"loc":{"start":{"line":21,"column":9},"end":{"line":21,"column":79}},"type":"binary-expr","locations":[{"start":{"line":21,"column":9},"end":{"line":21,"column":31}},{"start":{"line":21,"column":35},"end":{"line":21,"column":79}}],"line":21}},"s":{"0":1,"1":1,"2":2,"3":1,"4":1,"5":1,"6":0,"7":1},"f":{"0":1,"1":2,"2":0},"b":{"0":[1,1]},"_coverageSchema":"1a1c01bbd47fc00a2c39e90264f33305004495a9","hash":"cc6067dfd7d2b6aa3f218289fdbcce122857f417"}
,"/Users/ankitsingh/Desktop/react/src/contact.js": {"path":"/Users/ankitsingh/Desktop/react/src/contact.js","statementMap":{"0":{"start":{"line":1,"column":16},"end":{"line":65,"column":1}},"1":{"start":{"line":2,"column":2},"end":{"line":64,"column":4}}},"fnMap":{"0":{"name":"(anonymous_0)","decl":{"start":{"line":1,"column":16},"end":{"line":1,"column":17}},"loc":{"start":{"line":1,"column":22},"end":{"line":65,"column":1}},"line":1}},"branchMap":{},"s":{"0":1,"1":2},"f":{"0":2},"b":{},"_coverageSchema":"1a1c01bbd47fc00a2c39e90264f33305004495a9","hash":"15af12ed9f1c73dffee7533b8ff4aab65171b1a5"}
,"/Users/ankitsingh/Desktop/react/src/header.js": {"path":"/Users/ankitsingh/Desktop/react/src/header.js","statementMap":{"0":{"start":{"line":6,"column":15},"end":{"line":56,"column":1}},"1":{"start":{"line":7,"column":42},"end":{"line":7,"column":59}},"2":{"start":{"line":8,"column":23},"end":{"line":8,"column":40}},"3":{"start":{"line":9,"column":27},"end":{"line":9,"column":50}},"4":{"start":{"line":10,"column":2},"end":{"line":10,"column":28}},"5":{"start":{"line":11,"column":20},"end":{"line":11,"column":60}},"6":{"start":{"line":11,"column":43},"end":{"line":11,"column":59}},"7":{"start":{"line":12,"column":2},"end":{"line":12,"column":25}},"8":{"start":{"line":14,"column":2},"end":{"line":55,"column":4}},"9":{"start":{"line":44,"column":14},"end":{"line":46,"column":16}},"10":{"start":{"line":45,"column":16},"end":{"line":45,"column":56}}},"fnMap":{"0":{"name":"(anonymous_0)","decl":{"start":{"line":6,"column":15},"end":{"line":6,"column":16}},"loc":{"start":{"line":6,"column":21},"end":{"line":56,"column":1}},"line":6},"1":{"name":"(anonymous_1)","decl":{"start":{"line":11,"column":32},"end":{"line":11,"column":33}},"loc":{"start":{"line":11,"column":43},"end":{"line":11,"column":59}},"line":11},"2":{"name":"(anonymous_2)","decl":{"start":{"line":43,"column":21},"end":{"line":43,"column":22}},"loc":{"start":{"line":43,"column":27},"end":{"line":47,"column":13}},"line":43},"3":{"name":"(anonymous_3)","decl":{"start":{"line":44,"column":30},"end":{"line":44,"column":31}},"loc":{"start":{"line":45,"column":16},"end":{"line":45,"column":56}},"line":45}},"branchMap":{"0":{"loc":{"start":{"line":27,"column":47},"end":{"line":27,"column":72}},"type":"cond-expr","locations":[{"start":{"line":27,"column":62},"end":{"line":27,"column":65}},{"start":{"line":27,"column":68},"end":{"line":27,"column":72}}],"line":27},"1":{"loc":{"start":{"line":45,"column":16},"end":{"line":45,"column":56}},"type":"cond-expr","locations":[{"start":{"line":45,"column":38},"end":{"line":45,"column":46}},{"start":{"line":45,"column":49},"end":{"line":45,"column":56}}],"line":45}},"s":{"0":1,"1":3,"2":3,"3":3,"4":3,"5":3,"6":5,"7":3,"8":3,"9":1,"10":1},"f":{"0":3,"1":5,"2":1,"3":1},"b":{"0":[3,0],"1":[1,0]},"_coverageSchema":"1a1c01bbd47fc00a2c39e90264f33305004495a9","hash":"34a6fc1470236b0ca42fae397b27887c0f6f536e"}
,"/Users/ankitsingh/Desktop/react/src/restaurentCard.js": {"path":"/Users/ankitsingh/Desktop/react/src/restaurentCard.js","statementMap":{"0":{"start":{"line":1,"column":23},"end":{"line":41,"column":1}},"1":{"start":{"line":2,"column":22},"end":{"line":2,"column":27}},"2":{"start":{"line":5,"column":2},"end":{"line":40,"column":4}},"3":{"start":{"line":43,"column":33},"end":{"line":54,"column":1}},"4":{"start":{"line":44,"column":2},"end":{"line":53,"column":4}},"5":{"start":{"line":45,"column":4},"end":{"line":52,"column":6}}},"fnMap":{"0":{"name":"(anonymous_0)","decl":{"start":{"line":1,"column":23},"end":{"line":1,"column":24}},"loc":{"start":{"line":1,"column":34},"end":{"line":41,"column":1}},"line":1},"1":{"name":"(anonymous_1)","decl":{"start":{"line":43,"column":33},"end":{"line":43,"column":34}},"loc":{"start":{"line":43,"column":53},"end":{"line":54,"column":1}},"line":43},"2":{"name":"(anonymous_2)","decl":{"start":{"line":44,"column":9},"end":{"line":44,"column":10}},"loc":{"start":{"line":44,"column":20},"end":{"line":53,"column":3}},"line":44}},"branchMap":{},"s":{"0":2,"1":207,"2":207,"3":2,"4":5,"5":7},"f":{"0":207,"1":5,"2":7},"b":{},"_coverageSchema":"1a1c01bbd47fc00a2c39e90264f33305004495a9","hash":"88d566272c39175fe393cdbebf36227368f40fbf"}
,"/Users/ankitsingh/Desktop/react/utils/appStore.js": {"path":"/Users/ankitsingh/Desktop/react/utils/appStore.js","statementMap":{"0":{"start":{"line":3,"column":17},"end":{"line":7,"column":2}}},"fnMap":{},"branchMap":{},"s":{"0":1},"f":{},"b":{},"_coverageSchema":"1a1c01bbd47fc00a2c39e90264f33305004495a9","hash":"8885ba1b9bb3187a14a511ae3d95bf4f93da7b45"}
}
