{"/Users/ankitsingh/Desktop/react/src/Body.js": {"path":"/Users/ankitsingh/Desktop/react/src/Body.js","statementMap":{"0":{"start":{"line":9,"column":13},"end":{"line":106,"column":1}},"1":{"start":{"line":10,"column":50},"end":{"line":10,"column":62}},"2":{"start":{"line":11,"column":38},"end":{"line":11,"column":50}},"3":{"start":{"line":12,"column":52},"end":{"line":12,"column":64}},"4":{"start":{"line":13,"column":33},"end":{"line":13,"column":66}},"5":{"start":{"line":14,"column":39},"end":{"line":14,"column":62}},"6":{"start":{"line":15,"column":20},"end":{"line":28,"column":3}},"7":{"start":{"line":16,"column":17},"end":{"line":18,"column":5}},"8":{"start":{"line":19,"column":17},"end":{"line":19,"column":34}},"9":{"start":{"line":20,"column":4},"end":{"line":20,"column":22}},"10":{"start":{"line":22,"column":4},"end":{"line":24,"column":6}},"11":{"start":{"line":25,"column":4},"end":{"line":27,"column":6}},"12":{"start":{"line":29,"column":2},"end":{"line":31,"column":9}},"13":{"start":{"line":30,"column":4},"end":{"line":30,"column":16}},"14":{"start":{"line":32,"column":23},"end":{"line":32,"column":40}},"15":{"start":{"line":33,"column":2},"end":{"line":35,"column":3}},"16":{"start":{"line":34,"column":4},"end":{"line":34,"column":74}},"17":{"start":{"line":36,"column":2},"end":{"line":38,"column":3}},"18":{"start":{"line":37,"column":4},"end":{"line":37,"column":23}},"19":{"start":{"line":39,"column":2},"end":{"line":105,"column":4}},"20":{"start":{"line":50,"column":14},"end":{"line":50,"column":44}},"21":{"start":{"line":57,"column":39},"end":{"line":61,"column":15}},"22":{"start":{"line":58,"column":16},"end":{"line":60,"column":53}},"23":{"start":{"line":62,"column":14},"end":{"line":62,"column":53}},"24":{"start":{"line":71,"column":35},"end":{"line":73,"column":15}},"25":{"start":{"line":72,"column":32},"end":{"line":72,"column":71}},"26":{"start":{"line":74,"column":14},"end":{"line":74,"column":49}},"27":{"start":{"line":84,"column":14},"end":{"line":84,"column":42}},"28":{"start":{"line":92,"column":10},"end":{"line":101,"column":17}}},"fnMap":{"0":{"name":"(anonymous_0)","decl":{"start":{"line":9,"column":13},"end":{"line":9,"column":14}},"loc":{"start":{"line":9,"column":19},"end":{"line":106,"column":1}},"line":9},"1":{"name":"(anonymous_1)","decl":{"start":{"line":15,"column":20},"end":{"line":15,"column":21}},"loc":{"start":{"line":15,"column":32},"end":{"line":28,"column":3}},"line":15},"2":{"name":"(anonymous_2)","decl":{"start":{"line":29,"column":12},"end":{"line":29,"column":13}},"loc":{"start":{"line":29,"column":18},"end":{"line":31,"column":3}},"line":29},"3":{"name":"(anonymous_3)","decl":{"start":{"line":49,"column":22},"end":{"line":49,"column":23}},"loc":{"start":{"line":49,"column":29},"end":{"line":51,"column":13}},"line":49},"4":{"name":"(anonymous_4)","decl":{"start":{"line":56,"column":21},"end":{"line":56,"column":22}},"loc":{"start":{"line":56,"column":27},"end":{"line":63,"column":13}},"line":56},"5":{"name":"(anonymous_5)","decl":{"start":{"line":57,"column":63},"end":{"line":57,"column":64}},"loc":{"start":{"line":58,"column":16},"end":{"line":60,"column":53}},"line":58},"6":{"name":"(anonymous_6)","decl":{"start":{"line":70,"column":21},"end":{"line":70,"column":22}},"loc":{"start":{"line":70,"column":27},"end":{"line":75,"column":13}},"line":70},"7":{"name":"(anonymous_7)","decl":{"start":{"line":72,"column":16},"end":{"line":72,"column":17}},"loc":{"start":{"line":72,"column":32},"end":{"line":72,"column":71}},"line":72},"8":{"name":"(anonymous_8)","decl":{"start":{"line":83,"column":22},"end":{"line":83,"column":23}},"loc":{"start":{"line":83,"column":29},"end":{"line":85,"column":13}},"line":83},"9":{"name":"(anonymous_9)","decl":{"start":{"line":91,"column":31},"end":{"line":91,"column":32}},"loc":{"start":{"line":92,"column":10},"end":{"line":101,"column":17}},"line":92}},"branchMap":{"0":{"loc":{"start":{"line":33,"column":2},"end":{"line":35,"column":3}},"type":"if","locations":[{"start":{"line":33,"column":2},"end":{"line":35,"column":3}},{"start":{},"end":{}}],"line":33},"1":{"loc":{"start":{"line":36,"column":2},"end":{"line":38,"column":3}},"type":"if","locations":[{"start":{"line":36,"column":2},"end":{"line":38,"column":3}},{"start":{},"end":{}}],"line":36},"2":{"loc":{"start":{"line":96,"column":13},"end":{"line":100,"column":13}},"type":"cond-expr","locations":[{"start":{"line":97,"column":14},"end":{"line":97,"column":71}},{"start":{"line":99,"column":14},"end":{"line":99,"column":63}}],"line":96}},"s":{"0":2,"1":7,"2":7,"3":7,"4":7,"5":7,"6":7,"7":2,"8":2,"9":2,"10":2,"11":2,"12":7,"13":2,"14":7,"15":7,"16":0,"17":7,"18":2,"19":5,"20":1,"21":1,"22":102,"23":1,"24":1,"25":102,"26":1,"27":0,"28":358},"f":{"0":7,"1":2,"2":2,"3":1,"4":1,"5":102,"6":1,"7":102,"8":0,"9":358},"b":{"0":[0,7],"1":[2,5],"2":[9,349]},"_coverageSchema":"1a1c01bbd47fc00a2c39e90264f33305004495a9","hash":"c0e7ca486debd3547d956235aa24d030fa507473"}
,"/Users/ankitsingh/Desktop/react/src/ItemList.js": {"path":"/Users/ankitsingh/Desktop/react/src/ItemList.js","statementMap":{"0":{"start":{"line":3,"column":17},"end":{"line":59,"column":1}},"1":{"start":{"line":4,"column":2},"end":{"line":11,"column":3}},"2":{"start":{"line":5,"column":4},"end":{"line":5,"column":55}},"3":{"start":{"line":6,"column":4},"end":{"line":10,"column":6}},"4":{"start":{"line":12,"column":19},"end":{"line":12,"column":32}},"5":{"start":{"line":13,"column":24},"end":{"line":15,"column":3}},"6":{"start":{"line":14,"column":4},"end":{"line":14,"column":29}},"7":{"start":{"line":16,"column":2},"end":{"line":58,"column":4}},"8":{"start":{"line":19,"column":8},"end":{"line":55,"column":14}},"9":{"start":{"line":34,"column":27},"end":{"line":34,"column":46}}},"fnMap":{"0":{"name":"(anonymous_0)","decl":{"start":{"line":3,"column":17},"end":{"line":3,"column":18}},"loc":{"start":{"line":3,"column":32},"end":{"line":59,"column":1}},"line":3},"1":{"name":"(anonymous_1)","decl":{"start":{"line":13,"column":24},"end":{"line":13,"column":25}},"loc":{"start":{"line":13,"column":34},"end":{"line":15,"column":3}},"line":13},"2":{"name":"(anonymous_2)","decl":{"start":{"line":18,"column":17},"end":{"line":18,"column":18}},"loc":{"start":{"line":19,"column":8},"end":{"line":55,"column":14}},"line":19},"3":{"name":"(anonymous_3)","decl":{"start":{"line":34,"column":23},"end":{"line":34,"column":24}},"loc":{"start":{"line":34,"column":27},"end":{"line":34,"column":46}},"line":34}},"branchMap":{"0":{"loc":{"start":{"line":4,"column":2},"end":{"line":11,"column":3}},"type":"if","locations":[{"start":{"line":4,"column":2},"end":{"line":11,"column":3}},{"start":{},"end":{}}],"line":4},"1":{"loc":{"start":{"line":20,"column":15},"end":{"line":20,"column":44}},"type":"binary-expr","locations":[{"start":{"line":20,"column":15},"end":{"line":20,"column":35}},{"start":{"line":20,"column":39},"end":{"line":20,"column":44}}],"line":20},"2":{"loc":{"start":{"line":26,"column":16},"end":{"line":26,"column":50}},"type":"binary-expr","locations":[{"start":{"line":26,"column":16},"end":{"line":26,"column":41}},{"start":{"line":26,"column":45},"end":{"line":26,"column":50}}],"line":26},"3":{"loc":{"start":{"line":29,"column":19},"end":{"line":29,"column":56}},"type":"binary-expr","locations":[{"start":{"line":29,"column":19},"end":{"line":29,"column":41}},{"start":{"line":29,"column":45},"end":{"line":29,"column":56}}],"line":29},"4":{"loc":{"start":{"line":47,"column":17},"end":{"line":48,"column":54}},"type":"binary-expr","locations":[{"start":{"line":47,"column":17},"end":{"line":47,"column":46}},{"start":{"line":48,"column":18},"end":{"line":48,"column":54}}],"line":47}},"s":{"0":2,"1":1,"2":0,"3":0,"4":1,"5":1,"6":0,"7":1,"8":0,"9":0},"f":{"0":1,"1":0,"2":0,"3":0},"b":{"0":[0,1],"1":[0,0],"2":[0,0],"3":[0,0],"4":[0,0]},"_coverageSchema":"1a1c01bbd47fc00a2c39e90264f33305004495a9","hash":"8484d6bb2cd35b2f935899d9fd0c1235dfbbbcd9"}
,"/Users/ankitsingh/Desktop/react/src/cart.js": {"path":"/Users/ankitsingh/Desktop/react/src/cart.js","statementMap":{"0":{"start":{"line":6,"column":13},"end":{"line":26,"column":1}},"1":{"start":{"line":7,"column":20},"end":{"line":7,"column":60}},"2":{"start":{"line":7,"column":43},"end":{"line":7,"column":59}},"3":{"start":{"line":8,"column":2},"end":{"line":8,"column":25}},"4":{"start":{"line":9,"column":19},"end":{"line":9,"column":32}},"5":{"start":{"line":10,"column":26},"end":{"line":10,"column":53}},"6":{"start":{"line":10,"column":32},"end":{"line":10,"column":53}},"7":{"start":{"line":11,"column":2},"end":{"line":25,"column":4}}},"fnMap":{"0":{"name":"(anonymous_0)","decl":{"start":{"line":6,"column":13},"end":{"line":6,"column":14}},"loc":{"start":{"line":6,"column":19},"end":{"line":26,"column":1}},"line":6},"1":{"name":"(anonymous_1)","decl":{"start":{"line":7,"column":32},"end":{"line":7,"column":33}},"loc":{"start":{"line":7,"column":43},"end":{"line":7,"column":59}},"line":7},"2":{"name":"(anonymous_2)","decl":{"start":{"line":10,"column":26},"end":{"line":10,"column":27}},"loc":{"start":{"line":10,"column":32},"end":{"line":10,"column":53}},"line":10}},"branchMap":{"0":{"loc":{"start":{"line":21,"column":9},"end":{"line":21,"column":79}},"type":"binary-expr","locations":[{"start":{"line":21,"column":9},"end":{"line":21,"column":31}},{"start":{"line":21,"column":35},"end":{"line":21,"column":79}}],"line":21}},"s":{"0":1,"1":1,"2":2,"3":1,"4":1,"5":1,"6":0,"7":1},"f":{"0":1,"1":2,"2":0},"b":{"0":[1,1]},"_coverageSchema":"1a1c01bbd47fc00a2c39e90264f33305004495a9","hash":"cc6067dfd7d2b6aa3f218289fdbcce122857f417"}
,"/Users/ankitsingh/Desktop/react/src/constant.js": {"path":"/Users/ankitsingh/Desktop/react/src/constant.js","statementMap":{"0":{"start":{"line":2,"column":2},"end":{"line":2,"column":124}}},"fnMap":{},"branchMap":{},"s":{"0":1},"f":{},"b":{},"_coverageSchema":"1a1c01bbd47fc00a2c39e90264f33305004495a9","hash":"95957dc96fe3b8e42ee4a1e6540e0b3ab0cb8ca9"}
,"/Users/ankitsingh/Desktop/react/src/contact.js": {"path":"/Users/ankitsingh/Desktop/react/src/contact.js","statementMap":{"0":{"start":{"line":1,"column":16},"end":{"line":65,"column":1}},"1":{"start":{"line":2,"column":2},"end":{"line":64,"column":4}}},"fnMap":{"0":{"name":"(anonymous_0)","decl":{"start":{"line":1,"column":16},"end":{"line":1,"column":17}},"loc":{"start":{"line":1,"column":22},"end":{"line":65,"column":1}},"line":1}},"branchMap":{},"s":{"0":1,"1":2},"f":{"0":2},"b":{},"_coverageSchema":"1a1c01bbd47fc00a2c39e90264f33305004495a9","hash":"15af12ed9f1c73dffee7533b8ff4aab65171b1a5"}
,"/Users/ankitsingh/Desktop/react/src/header.js": {"path":"/Users/ankitsingh/Desktop/react/src/header.js","statementMap":{"0":{"start":{"line":6,"column":15},"end":{"line":56,"column":1}},"1":{"start":{"line":7,"column":42},"end":{"line":7,"column":59}},"2":{"start":{"line":8,"column":23},"end":{"line":8,"column":40}},"3":{"start":{"line":9,"column":27},"end":{"line":9,"column":50}},"4":{"start":{"line":10,"column":2},"end":{"line":10,"column":28}},"5":{"start":{"line":11,"column":20},"end":{"line":11,"column":60}},"6":{"start":{"line":11,"column":43},"end":{"line":11,"column":59}},"7":{"start":{"line":12,"column":2},"end":{"line":12,"column":25}},"8":{"start":{"line":14,"column":2},"end":{"line":55,"column":4}},"9":{"start":{"line":44,"column":14},"end":{"line":46,"column":16}},"10":{"start":{"line":45,"column":16},"end":{"line":45,"column":56}}},"fnMap":{"0":{"name":"(anonymous_0)","decl":{"start":{"line":6,"column":15},"end":{"line":6,"column":16}},"loc":{"start":{"line":6,"column":21},"end":{"line":56,"column":1}},"line":6},"1":{"name":"(anonymous_1)","decl":{"start":{"line":11,"column":32},"end":{"line":11,"column":33}},"loc":{"start":{"line":11,"column":43},"end":{"line":11,"column":59}},"line":11},"2":{"name":"(anonymous_2)","decl":{"start":{"line":43,"column":21},"end":{"line":43,"column":22}},"loc":{"start":{"line":43,"column":27},"end":{"line":47,"column":13}},"line":43},"3":{"name":"(anonymous_3)","decl":{"start":{"line":44,"column":30},"end":{"line":44,"column":31}},"loc":{"start":{"line":45,"column":16},"end":{"line":45,"column":56}},"line":45}},"branchMap":{"0":{"loc":{"start":{"line":27,"column":47},"end":{"line":27,"column":72}},"type":"cond-expr","locations":[{"start":{"line":27,"column":62},"end":{"line":27,"column":65}},{"start":{"line":27,"column":68},"end":{"line":27,"column":72}}],"line":27},"1":{"loc":{"start":{"line":45,"column":16},"end":{"line":45,"column":56}},"type":"cond-expr","locations":[{"start":{"line":45,"column":38},"end":{"line":45,"column":46}},{"start":{"line":45,"column":49},"end":{"line":45,"column":56}}],"line":45}},"s":{"0":1,"1":3,"2":3,"3":3,"4":3,"5":3,"6":5,"7":3,"8":3,"9":1,"10":1},"f":{"0":3,"1":5,"2":1,"3":1},"b":{"0":[3,0],"1":[1,0]},"_coverageSchema":"1a1c01bbd47fc00a2c39e90264f33305004495a9","hash":"34a6fc1470236b0ca42fae397b27887c0f6f536e"}
,"/Users/ankitsingh/Desktop/react/src/restaurant .js": {"path":"/Users/ankitsingh/Desktop/react/src/restaurant .js","statementMap":{"0":{"start":{"line":9,"column":23},"end":{"line":71,"column":1}},"1":{"start":{"line":11,"column":36},"end":{"line":11,"column":50}},"2":{"start":{"line":12,"column":20},"end":{"line":12,"column":31}},"3":{"start":{"line":13,"column":2},"end":{"line":13,"column":21}},"4":{"start":{"line":14,"column":18},"end":{"line":14,"column":42}},"5":{"start":{"line":29,"column":2},"end":{"line":29,"column":23}},"6":{"start":{"line":30,"column":2},"end":{"line":30,"column":40}},"7":{"start":{"line":30,"column":21},"end":{"line":30,"column":40}},"8":{"start":{"line":32,"column":4},"end":{"line":32,"column":47}},"9":{"start":{"line":37,"column":4},"end":{"line":37,"column":65}},"10":{"start":{"line":39,"column":25},"end":{"line":39,"column":33}},"11":{"start":{"line":40,"column":2},"end":{"line":40,"column":24}},"12":{"start":{"line":41,"column":2},"end":{"line":41,"column":21}},"13":{"start":{"line":43,"column":2},"end":{"line":70,"column":4}},"14":{"start":{"line":50,"column":10},"end":{"line":57,"column":12}},"15":{"start":{"line":55,"column":14},"end":{"line":55,"column":79}},"16":{"start":{"line":55,"column":43},"end":{"line":55,"column":77}}},"fnMap":{"0":{"name":"(anonymous_0)","decl":{"start":{"line":9,"column":23},"end":{"line":9,"column":24}},"loc":{"start":{"line":9,"column":29},"end":{"line":71,"column":1}},"line":9},"1":{"name":"(anonymous_1)","decl":{"start":{"line":49,"column":19},"end":{"line":49,"column":20}},"loc":{"start":{"line":50,"column":10},"end":{"line":57,"column":12}},"line":50},"2":{"name":"(anonymous_2)","decl":{"start":{"line":54,"column":26},"end":{"line":54,"column":27}},"loc":{"start":{"line":55,"column":14},"end":{"line":55,"column":79}},"line":55},"3":{"name":"(anonymous_3)","decl":{"start":{"line":55,"column":27},"end":{"line":55,"column":28}},"loc":{"start":{"line":55,"column":43},"end":{"line":55,"column":77}},"line":55}},"branchMap":{"0":{"loc":{"start":{"line":30,"column":2},"end":{"line":30,"column":40}},"type":"if","locations":[{"start":{"line":30,"column":2},"end":{"line":30,"column":40}},{"start":{},"end":{}}],"line":30},"1":{"loc":{"start":{"line":31,"column":10},"end":{"line":31,"column":29}},"type":"default-arg","locations":[{"start":{"line":31,"column":17},"end":{"line":31,"column":29}}],"line":31},"2":{"loc":{"start":{"line":31,"column":31},"end":{"line":31,"column":44}},"type":"default-arg","locations":[{"start":{"line":31,"column":42},"end":{"line":31,"column":44}}],"line":31},"3":{"loc":{"start":{"line":32,"column":4},"end":{"line":32,"column":47}},"type":"binary-expr","locations":[{"start":{"line":32,"column":4},"end":{"line":32,"column":41}},{"start":{"line":32,"column":45},"end":{"line":32,"column":47}}],"line":32},"4":{"loc":{"start":{"line":37,"column":4},"end":{"line":37,"column":65}},"type":"binary-expr","locations":[{"start":{"line":37,"column":4},"end":{"line":37,"column":59}},{"start":{"line":37,"column":63},"end":{"line":37,"column":65}}],"line":37},"5":{"loc":{"start":{"line":39,"column":10},"end":{"line":39,"column":20}},"type":"default-arg","locations":[{"start":{"line":39,"column":18},"end":{"line":39,"column":20}}],"line":39},"6":{"loc":{"start":{"line":53,"column":23},"end":{"line":53,"column":50}},"type":"binary-expr","locations":[{"start":{"line":53,"column":23},"end":{"line":53,"column":42}},{"start":{"line":53,"column":46},"end":{"line":53,"column":50}}],"line":53},"7":{"loc":{"start":{"line":55,"column":43},"end":{"line":55,"column":77}},"type":"cond-expr","locations":[{"start":{"line":55,"column":65},"end":{"line":55,"column":69}},{"start":{"line":55,"column":72},"end":{"line":55,"column":77}}],"line":55}},"s":{"0":1,"1":0,"2":0,"3":0,"4":0,"5":0,"6":0,"7":0,"8":0,"9":0,"10":0,"11":0,"12":0,"13":0,"14":0,"15":0,"16":0},"f":{"0":0,"1":0,"2":0,"3":0},"b":{"0":[0,0],"1":[0],"2":[0],"3":[0,0],"4":[0,0],"5":[0],"6":[0,0],"7":[0,0]},"_coverageSchema":"1a1c01bbd47fc00a2c39e90264f33305004495a9","hash":"39d8abbeb9c7fa2e2d328c61b8ab74d8c595ede9"}
,"/Users/ankitsingh/Desktop/react/src/restaurantCategory.js": {"path":"/Users/ankitsingh/Desktop/react/src/restaurantCategory.js","statementMap":{"0":{"start":{"line":3,"column":27},"end":{"line":35,"column":1}},"1":{"start":{"line":5,"column":2},"end":{"line":5,"column":20}},"2":{"start":{"line":6,"column":22},"end":{"line":8,"column":3}},"3":{"start":{"line":7,"column":4},"end":{"line":7,"column":18}},"4":{"start":{"line":9,"column":2},"end":{"line":34,"column":4}}},"fnMap":{"0":{"name":"(anonymous_0)","decl":{"start":{"line":3,"column":27},"end":{"line":3,"column":28}},"loc":{"start":{"line":3,"column":66},"end":{"line":35,"column":1}},"line":3},"1":{"name":"(anonymous_1)","decl":{"start":{"line":6,"column":22},"end":{"line":6,"column":23}},"loc":{"start":{"line":6,"column":28},"end":{"line":8,"column":3}},"line":6}},"branchMap":{"0":{"loc":{"start":{"line":17,"column":11},"end":{"line":17,"column":68}},"type":"cond-expr","locations":[{"start":{"line":17,"column":43},"end":{"line":17,"column":64}},{"start":{"line":17,"column":67},"end":{"line":17,"column":68}}],"line":17},"1":{"loc":{"start":{"line":21,"column":12},"end":{"line":21,"column":41}},"type":"cond-expr","locations":[{"start":{"line":21,"column":24},"end":{"line":21,"column":36}},{"start":{"line":21,"column":39},"end":{"line":21,"column":41}}],"line":21},"2":{"loc":{"start":{"line":29,"column":10},"end":{"line":29,"column":72}},"type":"cond-expr","locations":[{"start":{"line":29,"column":22},"end":{"line":29,"column":50}},{"start":{"line":29,"column":53},"end":{"line":29,"column":72}}],"line":29},"3":{"loc":{"start":{"line":32,"column":7},"end":{"line":32,"column":55}},"type":"binary-expr","locations":[{"start":{"line":32,"column":7},"end":{"line":32,"column":16}},{"start":{"line":32,"column":20},"end":{"line":32,"column":55}}],"line":32}},"s":{"0":1,"1":0,"2":0,"3":0,"4":0},"f":{"0":0,"1":0},"b":{"0":[0,0],"1":[0,0],"2":[0,0],"3":[0,0]},"_coverageSchema":"1a1c01bbd47fc00a2c39e90264f33305004495a9","hash":"39a00788b04bbea5755498aa52abbc5d5eb4b27c"}
,"/Users/ankitsingh/Desktop/react/src/restaurentCard.js": {"path":"/Users/ankitsingh/Desktop/react/src/restaurentCard.js","statementMap":{"0":{"start":{"line":1,"column":23},"end":{"line":41,"column":1}},"1":{"start":{"line":2,"column":22},"end":{"line":2,"column":27}},"2":{"start":{"line":5,"column":2},"end":{"line":40,"column":4}},"3":{"start":{"line":43,"column":33},"end":{"line":54,"column":1}},"4":{"start":{"line":44,"column":2},"end":{"line":53,"column":4}},"5":{"start":{"line":45,"column":4},"end":{"line":52,"column":6}}},"fnMap":{"0":{"name":"(anonymous_0)","decl":{"start":{"line":1,"column":23},"end":{"line":1,"column":24}},"loc":{"start":{"line":1,"column":34},"end":{"line":41,"column":1}},"line":1},"1":{"name":"(anonymous_1)","decl":{"start":{"line":43,"column":33},"end":{"line":43,"column":34}},"loc":{"start":{"line":43,"column":53},"end":{"line":54,"column":1}},"line":43},"2":{"name":"(anonymous_2)","decl":{"start":{"line":44,"column":9},"end":{"line":44,"column":10}},"loc":{"start":{"line":44,"column":20},"end":{"line":53,"column":3}},"line":44}},"branchMap":{},"s":{"0":3,"1":359,"2":359,"3":3,"4":8,"5":10},"f":{"0":359,"1":8,"2":10},"b":{},"_coverageSchema":"1a1c01bbd47fc00a2c39e90264f33305004495a9","hash":"88d566272c39175fe393cdbebf36227368f40fbf"}
,"/Users/ankitsingh/Desktop/react/src/shimmer_cards.js": {"path":"/Users/ankitsingh/Desktop/react/src/shimmer_cards.js","statementMap":{"0":{"start":{"line":1,"column":16},"end":{"line":26,"column":1}},"1":{"start":{"line":2,"column":2},"end":{"line":25,"column":4}}},"fnMap":{"0":{"name":"(anonymous_0)","decl":{"start":{"line":1,"column":16},"end":{"line":1,"column":17}},"loc":{"start":{"line":1,"column":22},"end":{"line":26,"column":1}},"line":1}},"branchMap":{},"s":{"0":2,"1":2},"f":{"0":2},"b":{},"_coverageSchema":"1a1c01bbd47fc00a2c39e90264f33305004495a9","hash":"78e651ad6fb70fa3ce2da5b216b7f25b8330b18d"}
,"/Users/ankitsingh/Desktop/react/src/sum.js": {"path":"/Users/ankitsingh/Desktop/react/src/sum.js","statementMap":{"0":{"start":{"line":1,"column":19},"end":{"line":3,"column":1}},"1":{"start":{"line":2,"column":2},"end":{"line":2,"column":15}}},"fnMap":{"0":{"name":"(anonymous_0)","decl":{"start":{"line":1,"column":19},"end":{"line":1,"column":20}},"loc":{"start":{"line":1,"column":29},"end":{"line":3,"column":1}},"line":1}},"branchMap":{},"s":{"0":1,"1":1},"f":{"0":1},"b":{},"_coverageSchema":"1a1c01bbd47fc00a2c39e90264f33305004495a9","hash":"470a9f988952efb22c61b685e5e5051d87e13225"}
,"/Users/ankitsingh/Desktop/react/src/useRestaurant.js": {"path":"/Users/ankitsingh/Desktop/react/src/useRestaurant.js","statementMap":{"0":{"start":{"line":3,"column":26},"end":{"line":17,"column":1}},"1":{"start":{"line":4,"column":4},"end":{"line":6,"column":11}},"2":{"start":{"line":5,"column":6},"end":{"line":5,"column":18}},"3":{"start":{"line":7,"column":32},"end":{"line":7,"column":46}},"4":{"start":{"line":8,"column":20},"end":{"line":15,"column":3}},"5":{"start":{"line":9,"column":17},"end":{"line":11,"column":5}},"6":{"start":{"line":12,"column":17},"end":{"line":12,"column":34}},"7":{"start":{"line":13,"column":4},"end":{"line":13,"column":22}},"8":{"start":{"line":14,"column":4},"end":{"line":14,"column":26}},"9":{"start":{"line":16,"column":2},"end":{"line":16,"column":17}}},"fnMap":{"0":{"name":"(anonymous_0)","decl":{"start":{"line":3,"column":26},"end":{"line":3,"column":27}},"loc":{"start":{"line":3,"column":37},"end":{"line":17,"column":1}},"line":3},"1":{"name":"(anonymous_1)","decl":{"start":{"line":4,"column":14},"end":{"line":4,"column":15}},"loc":{"start":{"line":4,"column":20},"end":{"line":6,"column":5}},"line":4},"2":{"name":"(anonymous_2)","decl":{"start":{"line":8,"column":20},"end":{"line":8,"column":21}},"loc":{"start":{"line":8,"column":32},"end":{"line":15,"column":3}},"line":8}},"branchMap":{},"s":{"0":1,"1":0,"2":0,"3":0,"4":0,"5":0,"6":0,"7":0,"8":0,"9":0},"f":{"0":0,"1":0,"2":0},"b":{},"_coverageSchema":"1a1c01bbd47fc00a2c39e90264f33305004495a9","hash":"5f21806556df7bdd027a73b0aae4c3e1045caede"}
,"/Users/ankitsingh/Desktop/react/src/useonilneStatus.js": {"path":"/Users/ankitsingh/Desktop/react/src/useonilneStatus.js","statementMap":{"0":{"start":{"line":3,"column":24},"end":{"line":14,"column":1}},"1":{"start":{"line":4,"column":42},"end":{"line":4,"column":56}},"2":{"start":{"line":5,"column":2},"end":{"line":12,"column":5}},"3":{"start":{"line":6,"column":4},"end":{"line":8,"column":7}},"4":{"start":{"line":7,"column":6},"end":{"line":7,"column":29}},"5":{"start":{"line":9,"column":4},"end":{"line":11,"column":7}},"6":{"start":{"line":10,"column":6},"end":{"line":10,"column":28}},"7":{"start":{"line":13,"column":2},"end":{"line":13,"column":22}}},"fnMap":{"0":{"name":"(anonymous_0)","decl":{"start":{"line":3,"column":24},"end":{"line":3,"column":25}},"loc":{"start":{"line":3,"column":30},"end":{"line":14,"column":1}},"line":3},"1":{"name":"(anonymous_1)","decl":{"start":{"line":5,"column":12},"end":{"line":5,"column":13}},"loc":{"start":{"line":5,"column":18},"end":{"line":12,"column":3}},"line":5},"2":{"name":"(anonymous_2)","decl":{"start":{"line":6,"column":39},"end":{"line":6,"column":40}},"loc":{"start":{"line":6,"column":45},"end":{"line":8,"column":5}},"line":6},"3":{"name":"(anonymous_3)","decl":{"start":{"line":9,"column":38},"end":{"line":9,"column":39}},"loc":{"start":{"line":9,"column":44},"end":{"line":11,"column":5}},"line":9}},"branchMap":{},"s":{"0":3,"1":10,"2":10,"3":10,"4":0,"5":10,"6":0,"7":10},"f":{"0":10,"1":10,"2":0,"3":0},"b":{},"_coverageSchema":"1a1c01bbd47fc00a2c39e90264f33305004495a9","hash":"c70a52c057d24a5b6fcc72c926e96ecee42d8f29"}
,"/Users/ankitsingh/Desktop/react/utils/UserContext.js": {"path":"/Users/ankitsingh/Desktop/react/utils/UserContext.js","statementMap":{"0":{"start":{"line":2,"column":20},"end":{"line":4,"column":2}}},"fnMap":{},"branchMap":{},"s":{"0":3},"f":{},"b":{},"_coverageSchema":"1a1c01bbd47fc00a2c39e90264f33305004495a9","hash":"80121db002392d5108fe53d5ef73036e1c553e7e"}
,"/Users/ankitsingh/Desktop/react/utils/appStore.js": {"path":"/Users/ankitsingh/Desktop/react/utils/appStore.js","statementMap":{"0":{"start":{"line":3,"column":17},"end":{"line":7,"column":2}}},"fnMap":{},"branchMap":{},"s":{"0":1},"f":{},"b":{},"_coverageSchema":"1a1c01bbd47fc00a2c39e90264f33305004495a9","hash":"8885ba1b9bb3187a14a511ae3d95bf4f93da7b45"}
,"/Users/ankitsingh/Desktop/react/utils/cardSlice.js": {"path":"/Users/ankitsingh/Desktop/react/utils/cardSlice.js","statementMap":{"0":{"start":{"line":3,"column":18},"end":{"line":19,"column":2}},"1":{"start":{"line":10,"column":6},"end":{"line":10,"column":39}},"2":{"start":{"line":13,"column":6},"end":{"line":13,"column":24}},"3":{"start":{"line":16,"column":6},"end":{"line":16,"column":29}},"4":{"start":{"line":20,"column":52},"end":{"line":20,"column":69}}},"fnMap":{"0":{"name":"(anonymous_0)","decl":{"start":{"line":9,"column":14},"end":{"line":9,"column":15}},"loc":{"start":{"line":9,"column":33},"end":{"line":11,"column":5}},"line":9},"1":{"name":"(anonymous_1)","decl":{"start":{"line":12,"column":17},"end":{"line":12,"column":18}},"loc":{"start":{"line":12,"column":36},"end":{"line":14,"column":5}},"line":12},"2":{"name":"(anonymous_2)","decl":{"start":{"line":15,"column":15},"end":{"line":15,"column":16}},"loc":{"start":{"line":15,"column":34},"end":{"line":17,"column":5}},"line":15}},"branchMap":{},"s":{"0":2,"1":0,"2":0,"3":0,"4":2},"f":{"0":0,"1":0,"2":0},"b":{},"_coverageSchema":"1a1c01bbd47fc00a2c39e90264f33305004495a9","hash":"9b920718e50fe2026f4871e4cb4b17ee1c7af0d6"}
}
