TN:
SF:src/Body.js
FN:9,(anonymous_0)
FN:15,(anonymous_1)
FN:29,(anonymous_2)
FN:49,(anonymous_3)
FN:55,(anonymous_4)
FN:56,(anonymous_5)
FN:68,(anonymous_6)
FN:70,(anonymous_7)
FN:80,(anonymous_8)
FN:85,(anonymous_9)
FNF:10
FNH:7
FNDA:4,(anonymous_0)
FNDA:1,(anonymous_1)
FNDA:1,(anonymous_2)
FNDA:1,(anonymous_3)
FNDA:1,(anonymous_4)
FNDA:102,(anonymous_5)
FNDA:0,(anonymous_6)
FNDA:0,(anonymous_7)
FNDA:0,(anonymous_8)
FNDA:206,(anonymous_9)
DA:9,1
DA:10,4
DA:11,4
DA:12,4
DA:13,4
DA:14,4
DA:15,4
DA:16,1
DA:19,1
DA:20,1
DA:22,1
DA:25,1
DA:29,4
DA:30,1
DA:32,4
DA:33,4
DA:34,0
DA:36,4
DA:37,1
DA:39,3
DA:50,1
DA:56,1
DA:57,102
DA:61,1
DA:69,0
DA:70,0
DA:72,0
DA:80,0
DA:86,206
LF:29
LH:24
BRDA:33,0,0,0
BRDA:33,0,1,4
BRDA:36,1,0,1
BRDA:36,1,1,3
BRDA:90,2,0,6
BRDA:90,2,1,200
BRF:6
BRH:5
end_of_record
TN:
SF:src/cart.js
FN:6,(anonymous_0)
FN:7,(anonymous_1)
FN:10,(anonymous_2)
FNF:3
FNH:2
FNDA:1,(anonymous_0)
FNDA:2,(anonymous_1)
FNDA:0,(anonymous_2)
DA:6,1
DA:7,2
DA:8,1
DA:9,1
DA:10,1
DA:11,1
LF:6
LH:6
BRDA:21,0,0,1
BRDA:21,0,1,1
BRF:2
BRH:2
end_of_record
TN:
SF:src/contact.js
FN:1,(anonymous_0)
FNF:1
FNH:1
FNDA:2,(anonymous_0)
DA:1,1
DA:2,2
LF:2
LH:2
BRF:0
BRH:0
end_of_record
TN:
SF:src/header.js
FN:6,(anonymous_0)
FN:11,(anonymous_1)
FN:43,(anonymous_2)
FN:44,(anonymous_3)
FNF:4
FNH:4
FNDA:3,(anonymous_0)
FNDA:5,(anonymous_1)
FNDA:1,(anonymous_2)
FNDA:1,(anonymous_3)
DA:6,1
DA:7,3
DA:8,3
DA:9,3
DA:10,3
DA:11,5
DA:12,3
DA:14,3
DA:44,1
DA:45,1
LF:10
LH:10
BRDA:27,0,0,3
BRDA:27,0,1,0
BRDA:45,1,0,1
BRDA:45,1,1,0
BRF:4
BRH:2
end_of_record
TN:
SF:src/restaurentCard.js
FN:1,(anonymous_0)
FN:43,(anonymous_1)
FN:44,(anonymous_2)
FNF:3
FNH:3
FNDA:207,(anonymous_0)
FNDA:5,(anonymous_1)
FNDA:7,(anonymous_2)
DA:1,2
DA:2,207
DA:5,207
DA:43,2
DA:44,5
DA:45,7
LF:6
LH:6
BRF:0
BRH:0
end_of_record
TN:
SF:utils/appStore.js
FNF:0
FNH:0
DA:3,1
LF:1
LH:1
BRF:0
BRH:0
end_of_record
